[2022-07-29 18:29:14] local.INFO: New request: ["{\"code\":400,\"error\":\"The full name field is required. (and 3 more errors)\"}",null,"Choose...",null,null,null] 
[2022-07-29 18:29:29] local.INFO: New request: ["{\"code\":400,\"error\":\"The full name field is required. (and 3 more errors)\"}",null,"Choose...",null,null,null] 
[2022-07-29 18:38:30] local.INFO: New request: ["{\"code\":400,\"error\":\"The date of birth field is required.\"}","Mitja Krašovec","male","mitjakrasovec1@gmail.com",null,"test"] 
[2022-07-29 18:44:52] local.INFO: New request: ["{\"code\":400,\"error\":\"The full name field is required. (and 4 more errors)\"}",null,null,null,null,null] 
[2022-07-29 18:45:19] local.INFO: New request: ["{\"code\":400,\"error\":\"The date of birth field is required.\"}","test","male","mitjakrasovec1@gmail.com",null,"test"] 
[2022-07-29 18:47:19] local.INFO: New request: ["{\"code\":400,\"error\":\"The date of birth field is required.\"}","Mitja Krašovec","male","mitjakrasovec1@gmail.com",null,"test"] 
[2022-07-29 18:48:47] local.INFO: New request: ["{\"code\":200,\"message\":\"OK\"}","test","male","asd@asd.si","2022-07-07","test"] 
[2022-07-29 18:52:07] local.INFO: New request: ["{\"code\":200,\"message\":\"OK\"}","Katja Mužan","female","katja.muzan@gmail.com","1997-03-11","CV TEST"] 
[2022-07-29 18:55:22] local.INFO: New request: ["{\"code\":200,\"message\":\"OK\"}","Mitja Krašovec","male","mitjakrasovec1@gmail.com","2022-07-01","CV TEST"] 
[2022-07-29 18:57:35] local.INFO: New request: ["{\"code\":400,\"error\":\"The full name field is required. (and 3 more errors)\"}",null,"Choose...",null,null,null] 
[2022-07-29 18:58:01] local.INFO: New request: ["{\"code\":200,\"message\":\"OK\"}","Mitja Krašovec","male","mitja.krasovec@specto.si","1997-10-14","CV TEST"] 
[2022-07-29 18:58:25] local.INFO: New request: ["{\"code\":400,\"error\":\"The full name field is required. (and 3 more errors)\"}",null,"Choose...",null,null,null] 
[2022-07-29 18:58:34] local.INFO: New request: ["{\"code\":200,\"message\":\"OK\"}","Mitja Krašovec","male","mitjakrasovec1@gmail.com","2022-07-06","CV TEST"] 
[2022-07-29 18:58:35] local.INFO: New request: ["{\"code\":200,\"message\":\"OK\"}","Mitja Krašovec","male","mitjakrasovec1@gmail.com","2022-07-06","CV TEST"] 
[2022-07-29 18:58:35] local.INFO: New request: ["{\"code\":200,\"message\":\"OK\"}","Mitja Krašovec","male","mitjakrasovec1@gmail.com","2022-07-06","CV TEST"] 
[2022-07-29 18:58:35] local.INFO: New request: ["{\"code\":200,\"message\":\"OK\"}","Mitja Krašovec","male","mitjakrasovec1@gmail.com","2022-07-06","CV TEST"] 
[2022-07-29 18:58:36] local.INFO: New request: ["{\"code\":200,\"message\":\"OK\"}","Mitja Krašovec","male","mitjakrasovec1@gmail.com","2022-07-06","CV TEST"] 
[2022-07-29 18:58:36] local.INFO: New request: ["{\"code\":200,\"message\":\"OK\"}","Mitja Krašovec","male","mitjakrasovec1@gmail.com","2022-07-06","CV TEST"] 
[2022-07-29 18:58:36] local.INFO: New request: ["{\"code\":200,\"message\":\"OK\"}","Mitja Krašovec","male","mitjakrasovec1@gmail.com","2022-07-06","CV TEST"] 
[2022-07-29 18:58:36] local.INFO: New request: ["{\"code\":200,\"message\":\"OK\"}","Mitja Krašovec","male","mitjakrasovec1@gmail.com","2022-07-06","CV TEST"] 
[2022-07-29 19:00:14] local.INFO: New request: ["{\"code\":400,\"error\":\"The email field is required.\"}","Mitja Krašovec","male",null,"2022-07-06","CV TEST"] 
[2022-07-29 19:00:19] local.INFO: New request: ["{\"code\":400,\"error\":\"The email field is required.\"}","Mitja Krašovec","male",null,"2022-07-06","CV TEST"] 
[2022-07-29 19:00:23] local.INFO: New request: ["{\"code\":400,\"error\":\"The email field is required. (and 1 more error)\"}","Mitja Krašovec","male",null,"2022-07-06",null] 
[2022-07-29 19:00:26] local.INFO: New request: ["{\"code\":400,\"error\":\"The link field is required.\"}","Mitja Krašovec","male","mitjakrasovec1@gmail.com","2022-07-06",null] 
[2022-07-29 19:00:28] local.INFO: New request: ["{\"code\":200,\"message\":\"OK\"}","Mitja Krašovec","male","mitjakrasovec1@gmail.com","2022-07-06","test"] 
[2022-07-29 19:00:59] local.INFO: New request: ["{\"code\":400,\"error\":\"The full name field is required. (and 3 more errors)\"}",null,"Choose...",null,null,null] 
[2022-07-29 19:01:05] local.INFO: New request: ["{\"code\":400,\"error\":\"The date of birth field is required.\"}","Mitja Krašovec","Choose...","asd@asd.si",null,"test"] 
[2022-07-29 19:01:49] local.INFO: New request: ["{\"code\":400,\"error\":\"The email field is required. (and 2 more errors)\"}","test","Choose...",null,null,null] 
[2022-07-29 19:01:58] local.INFO: New request: ["{\"code\":200,\"message\":\"OK\"}","test","female","mitjakrasovec1@gmail.com","2022-06-30","CV TEST"] 
[2022-07-29 19:02:07] local.INFO: New request: ["{\"code\":400,\"error\":\"The full name field is required. (and 3 more errors)\"}",null,"Choose...",null,null,null] 
[2022-07-29 19:02:17] local.INFO: New request: ["{\"code\":400,\"error\":\"The full name field is required. (and 3 more errors)\"}",null,"Choose...",null,null,null] 
[2022-07-29 19:03:25] local.INFO: New request: ["{\"code\":400,\"error\":\"The full name field is required. (and 3 more errors)\"}",null,"Choose...",null,null,null] 
[2022-07-29 19:04:40] local.INFO: New request: ["{\"code\":400,\"error\":\"The full name field is required. (and 3 more errors)\"}",null,"Choose...",null,null,null] 
